<?xml version="1.0" encoding="UTF-8"?>
<!-- Generated by org.testng.reporters.JUnitReportReporter -->
<testsuite hostname="gits-n5010" name="com.fleet.service.EmployeeServiceImplTest" tests="7" failures="0" timestamp="27 Jan 2017 10:54:24 GMT" time="0.011" errors="0">
  <testcase name="saveEmployee" time="0.000" classname="com.fleet.service.EmployeeServiceImplTest"/>
  <testcase name="findAllEmployees" time="0.001" classname="com.fleet.service.EmployeeServiceImplTest"/>
  <testcase name="deleteEmployeeBySsn" time="0.007" classname="com.fleet.service.EmployeeServiceImplTest"/>
  <testcase name="isEmployeeSsnUnique" time="0.001" classname="com.fleet.service.EmployeeServiceImplTest"/>
  <testcase name="findEmployeeBySsn" time="0.001" classname="com.fleet.service.EmployeeServiceImplTest"/>
  <testcase name="findById" time="0.001" classname="com.fleet.service.EmployeeServiceImplTest"/>
  <testcase name="updateEmployee" time="0.000" classname="com.fleet.service.EmployeeServiceImplTest"/>
</testsuite> <!-- com.fleet.service.EmployeeServiceImplTest -->
